Arguments: 
  /usr/local/bin/node /usr/local/Cellar/yarn/0.27.5_1/libexec/bin/yarn.js install

PATH: 
  /usr/local/bin:/usr/bin:/bin:/usr/sbin:/sbin

Yarn version: 
  0.27.5

Node version: 
  8.4.0

Platform: 
  darwin x64

npm manifest: 
  {
    "name": "vue-npm-con",
    "version": "1.0.0",
    "description": "联盟广告前端组件脚手架",
    "main": "main.js",
    "scripts": {
      "test": "echo \"Error: no test specified\" && exit 1"
    },
    "repository": {
      "type": "git",
      "url": "ssh://git@git.dianpingoa.com/~lvzhiqiang02/vue-npm-con.git"
    },
    "keywords": [
      "vue、components、npm、sankuai"
    ],
    "author": "lvzhiqiang",
    "license": "ISC",
    "dependencies": {
      "vue": "^2.2.6"
    },
    "devDependencies": {
  //    "autoprefixer": "^6.7.2",
      "babel-core": "^6.22.1",
      "babel-eslint": "^7.1.1",
      "babel-loader": "^6.2.10",
      "babel-plugin-istanbul": "^4.1.1",
      "babel-plugin-transform-runtime": "^6.22.0",
      "babel-preset-env": "^1.3.2",
      "babel-preset-stage-2": "^6.22.0",
      "babel-register": "^6.22.0",
      "copy-webpack-plugin": "^4.0.1",
      "cross-env": "^4.0.0",
      "css-loader": "^0.28.0",
      "eslint": "^3.19.0",
      "eslint-config-standard": "^6.2.1",
      "eslint-friendly-formatter": "^2.0.7",
      "eslint-loader": "^1.7.1",
      "eslint-plugin-html": "^2.0.0",
      "eslint-plugin-promise": "^3.4.0",
      "eslint-plugin-standard": "^2.0.1",
      "eventsource-polyfill": "^0.9.6",
      "express": "^4.14.1",   //待删除
      "extract-text-webpack-plugin": "^2.0.0",
      "file-loader": "^0.11.1",
      "friendly-errors-webpack-plugin": "^1.1.3",
      "html-webpack-plugin": "^2.28.0",
      "http-proxy-middleware": "^0.17.3",
      "inject-loader": "^3.0.0",
      "koa": "^2.2.0",
      "koa-cors": "^0.0.16",
      "koa-router": "^7.2.1",
  //    "lolex": "^1.5.2",
  //    "mocha": "^3.2.0",
  //    "mysql": "^2.13.0",
  //    "opn": "^4.0.2",
      "optimize-css-assets-webpack-plugin": "^1.3.0",
  //    "ora": "^1.2.0",
      "phantomjs-prebuilt": "^2.1.14",
      "stylus": "^0.54.5",
      "stylus-loader": "^3.0.1",
      "url-loader": "^0.5.8",
      "vue-loader": "^11.3.4",
      "vue-style-loader": "^2.0.5",
      "vue-template-compiler": "^2.2.6",
      "webpack": "^2.3.3",
      "webpack-bundle-analyzer": "^2.2.1",
      "webpack-dev-middleware": "^1.10.0",
      "webpack-hot-middleware": "^2.18.0",
      "webpack-merge": "^4.1.0"
    },
    "engines": {
      "node": ">= 4.0.0",
      "npm": ">= 3.0.0"
    }
  }

yarn manifest: 
  No manifest

Lockfile: 
  No lockfile

Trace: 
  SyntaxError: /Users/dianping/Documents/Work/vue-npm-con/package.json: Unexpected token / in JSON at position 463
      at JSON.parse (<anonymous>)
      at /usr/local/Cellar/yarn/0.27.5_1/libexec/lib/yarn-cli.js:747:57
      at Generator.next (<anonymous>)
      at step (/usr/local/Cellar/yarn/0.27.5_1/libexec/lib/yarn-cli.js:91:30)
      at /usr/local/Cellar/yarn/0.27.5_1/libexec/lib/yarn-cli.js:102:13
      at <anonymous>
